C:\Users\lerwi\GitHub\MyGitHubPages\src\App\sys.js
C:\Users\lerwi\GitHub\MyGitHubPages\src\App\sys.js.map
C:\Users\lerwi\GitHub\MyGitHubPages\src\App\app.js
C:\Users\lerwi\GitHub\MyGitHubPages\src\App\app.js.map
C:\Users\lerwi\GitHub\MyGitHubPages\src\App\ColorBuilder.js
C:\Users\lerwi\GitHub\MyGitHubPages\src\App\ColorBuilder.js.map
C:\Users\lerwi\GitHub\MyGitHubPages\src\App\RegexTester.js
C:\Users\lerwi\GitHub\MyGitHubPages\src\App\RegexTester.js.map
C:\Users\lerwi\GitHub\MyGitHubPages\src\App\TextEditControl.js
C:\Users\lerwi\GitHub\MyGitHubPages\src\App\TextEditControl.js.map
C:\Users\lerwi\GitHub\MyGitHubPages\src\App\accordionGroup.js
C:\Users\lerwi\GitHub\MyGitHubPages\src\App\accordionGroup.js.map
C:\Users\lerwi\GitHub\MyGitHubPages\src\App\UriBuilder.js
C:\Users\lerwi\GitHub\MyGitHubPages\src\App\UriBuilder.js.map
C:\Users\lerwi\GitHub\MyGitHubPages\src\App\debugHtml.js
C:\Users\lerwi\GitHub\MyGitHubPages\src\App\debugHtml.js.map
C:\Users\lerwi\GitHub\MyGitHubPages\src\App\main.js
C:\Users\lerwi\GitHub\MyGitHubPages\src\App\main.js.map
C:\Users\lerwi\GitHub\MyGitHubPages\src\App\modalDialog.js
C:\Users\lerwi\GitHub\MyGitHubPages\src\App\modalDialog.js.map
